d:\hl\cg\simulation\mpm\mpm\release\vc141.pdb
d:\hl\cg\simulation\mpm\mpm\release\glad.obj
d:\hl\cg\simulation\mpm\mpm\release\vector2f.obj
d:\hl\cg\simulation\mpm\mpm\release\util.obj
d:\hl\cg\simulation\mpm\mpm\release\simconstant.obj
d:\hl\cg\simulation\mpm\mpm\release\shader.obj
d:\hl\cg\simulation\mpm\mpm\release\object.obj
d:\hl\cg\simulation\mpm\mpm\release\mpm_simulator.obj
d:\hl\cg\simulation\mpm\mpm\release\matrix2f.obj
d:\hl\cg\simulation\mpm\mpm\release\main.obj
d:\hl\cg\simulation\mpm\mpm\release\largrangianparticle.obj
d:\hl\cg\simulation\mpm\mpm\release\grid.obj
d:\hl\cg\simulation\mpm\release\mpm.exe
d:\hl\cg\simulation\mpm\release\mpm.pdb
d:\hl\cg\simulation\mpm\release\mpm.ipdb
d:\hl\cg\simulation\mpm\release\mpm.iobj
d:\hl\cg\simulation\mpm\mpm\release\mpm.tlog\cl.command.1.tlog
d:\hl\cg\simulation\mpm\mpm\release\mpm.tlog\cl.read.1.tlog
d:\hl\cg\simulation\mpm\mpm\release\mpm.tlog\cl.write.1.tlog
d:\hl\cg\simulation\mpm\mpm\release\mpm.tlog\link.command.1.tlog
d:\hl\cg\simulation\mpm\mpm\release\mpm.tlog\link.read.1.tlog
d:\hl\cg\simulation\mpm\mpm\release\mpm.tlog\link.write.1.tlog
d:\hl\cg\simulation\mpm\mpm\release\mpm.tlog\mpm.write.1u.tlog
