d:\hl\cg\simulation\mpm\mpm\debug\vc141.pdb
d:\hl\cg\simulation\mpm\mpm\debug\vc141.idb
d:\hl\cg\simulation\mpm\mpm\debug\glad.obj
d:\hl\cg\simulation\mpm\mpm\debug\grid.obj
d:\hl\cg\simulation\mpm\mpm\debug\largrangianparticle.obj
d:\hl\cg\simulation\mpm\mpm\debug\main.obj
d:\hl\cg\simulation\mpm\mpm\debug\matrix2f.obj
d:\hl\cg\simulation\mpm\mpm\debug\mpm_simulator.obj
d:\hl\cg\simulation\mpm\mpm\debug\object.obj
d:\hl\cg\simulation\mpm\mpm\debug\shader.obj
d:\hl\cg\simulation\mpm\mpm\debug\simconstant.obj
d:\hl\cg\simulation\mpm\mpm\debug\util.obj
d:\hl\cg\simulation\mpm\mpm\debug\vector2f.obj
d:\hl\cg\simulation\mpm\debug\mpm.exe
d:\hl\cg\simulation\mpm\debug\mpm.ilk
d:\hl\cg\simulation\mpm\debug\mpm.pdb
d:\hl\cg\simulation\mpm\mpm\debug\mpm.tlog\cl.command.1.tlog
d:\hl\cg\simulation\mpm\mpm\debug\mpm.tlog\cl.read.1.tlog
d:\hl\cg\simulation\mpm\mpm\debug\mpm.tlog\cl.write.1.tlog
d:\hl\cg\simulation\mpm\mpm\debug\mpm.tlog\link.command.1.tlog
d:\hl\cg\simulation\mpm\mpm\debug\mpm.tlog\link.read.1.tlog
d:\hl\cg\simulation\mpm\mpm\debug\mpm.tlog\link.write.1.tlog
